#
# There is insufficient memory for the Java Runtime Environment to continue.
# Native memory allocation (malloc) failed to allocate 899056 bytes for Chunk::new
# Possible reasons:
#   The system is out of physical RAM or swap space
#   In 32 bit mode, the process size limit was hit
# Possible solutions:
#   Reduce memory load on the system
#   Increase physical memory or swap space
#   Check if swap backing store is full
#   Use 64 bit Java on a 64 bit OS
#   Decrease Java heap size (-Xmx/-Xms)
#   Decrease number of Java threads
#   Decrease Java thread stack sizes (-Xss)
#   Set larger code cache with -XX:ReservedCodeCacheSize=
# This output file may be truncated or incomplete.
#
#  Out of Memory Error (allocation.cpp:390), pid=8056, tid=0x00000000000037ec
#
# JRE version: OpenJDK Runtime Environment (8.0_152-b02) (build 1.8.0_152-release-1024-b02)
# Java VM: OpenJDK 64-Bit Server VM (25.152-b02 mixed mode windows-amd64 compressed oops)
# Failed to write core dump. Minidumps are not enabled by default on client versions of Windows
#

---------------  T H R E A D  ---------------

Current thread (0x0000000018972000):  JavaThread "C2 CompilerThread0" daemon [_thread_in_native, id=14316, stack(0x000000001a3d0000,0x000000001a4d0000)]

Stack: [0x000000001a3d0000,0x000000001a4d0000]
[error occurred during error reporting (printing stack bounds), id 0xc0000005]

Native frames: (J=compiled Java code, j=interpreted, Vv=VM code, C=native code)


Current CompileTask:
C2:1874033 8660       4       org.gradle.internal.component.external.model.AbstractMutableModuleComponentResolveMetadata::populateConfigurationFromDescriptor (264 bytes)


---------------  P R O C E S S  ---------------

Java Threads: ( => current thread )
  0x00000000209a8800 JavaThread "Task worker for ':' Thread 3" [_thread_blocked, id=8844, stack(0x0000000027e60000,0x0000000027f60000)]
  0x00000000209a4000 JavaThread "Task worker for ':' Thread 2" [_thread_blocked, id=4576, stack(0x0000000027d60000,0x0000000027e60000)]
  0x000000001bcba800 JavaThread "Task worker for ':'" [_thread_blocked, id=4272, stack(0x0000000027c60000,0x0000000027d60000)]
  0x000000001bcb9000 JavaThread "Cache worker for Build Output Cleanup Cache (G:\git\Frame\.gradle\buildOutputCleanup)" [_thread_blocked, id=7748, stack(0x0000000027b60000,0x0000000027c60000)]
  0x000000001bcb7800 JavaThread "Cache worker for task history cache (G:\git\Frame\.gradle\4.4\taskHistory)" [_thread_blocked, id=6124, stack(0x0000000027a60000,0x0000000027b60000)]
  0x000000001bcba000 JavaThread "Cache worker for file content cache (G:\git\Frame\.gradle\4.4\fileContent)" [_thread_blocked, id=4804, stack(0x0000000027960000,0x0000000027a60000)]
  0x000000001bcb6000 JavaThread "build operations Thread 4" [_thread_blocked, id=8516, stack(0x0000000027860000,0x0000000027960000)]
  0x000000001bcbb800 JavaThread "build operations Thread 3" [_thread_in_native, id=4788, stack(0x0000000027760000,0x0000000027860000)]
  0x000000001bcb7000 JavaThread "build operations Thread 2" [_thread_blocked, id=4140, stack(0x0000000027660000,0x0000000027760000)]
  0x000000001bcae800 JavaThread "build operations" [_thread_blocked, id=12876, stack(0x0000000027560000,0x0000000027660000)]
  0x000000001bcb5800 JavaThread "Cache worker for Artifact transforms cache (C:\Users\zhanghaitao1\.gradle\caches\transforms-1)" [_thread_blocked, id=11596, stack(0x0000000027460000,0x0000000027560000)]
  0x000000001bcae000 JavaThread "Cache worker for file hash cache (G:\git\Frame\.gradle\4.4\fileHashes)" [_thread_blocked, id=5520, stack(0x0000000027360000,0x0000000027460000)]
  0x000000001bcb4000 JavaThread "Stdin handler" [_thread_blocked, id=2348, stack(0x0000000027260000,0x0000000027360000)]
  0x000000001bcac800 JavaThread "Asynchronous log dispatcher for DefaultDaemonConnection: socket connection from /127.0.0.1:56067 to /127.0.0.1:56510" [_thread_blocked, id=2448, stack(0x0000000027160000,0x0000000027260000)]
  0x0000000019de0000 JavaThread "Daemon worker Thread 2" [_thread_in_Java, id=6568, stack(0x0000000027060000,0x0000000027160000)]
  0x0000000019ddf000 JavaThread "Cancel handler" [_thread_blocked, id=8448, stack(0x0000000026f60000,0x0000000027060000)]
  0x0000000019ddd800 JavaThread "Handler for socket connection from /127.0.0.1:56067 to /127.0.0.1:56510" [_thread_in_native, id=9084, stack(0x0000000026e60000,0x0000000026f60000)]
  0x0000000019de4800 JavaThread "Daemon Thread 2" [_thread_blocked, id=5016, stack(0x0000000026d60000,0x0000000026e60000)]
  0x000000001bcb3000 JavaThread "Memory manager" [_thread_blocked, id=1936, stack(0x0000000023b80000,0x0000000023c80000)]
  0x000000001bcb1800 JavaThread "pool-1-thread-1" [_thread_blocked, id=6016, stack(0x0000000023880000,0x0000000023980000)]
  0x000000001acf6000 JavaThread "File lock request listener" [_thread_in_native, id=4964, stack(0x000000001cfa0000,0x000000001d0a0000)]
  0x000000001bbe6800 JavaThread "Cache worker for file hash cache (C:\Users\zhanghaitao1\.gradle\caches\4.4\fileHashes)" [_thread_blocked, id=1764, stack(0x000000001cea0000,0x000000001cfa0000)]
  0x000000001b8c2800 JavaThread "Daemon periodic checks" [_thread_blocked, id=11768, stack(0x000000001c3a0000,0x000000001c4a0000)]
  0x000000001b55c800 JavaThread "Incoming local TCP Connector on port 56067" [_thread_in_native, id=5472, stack(0x000000001c2a0000,0x000000001c3a0000)]
  0x0000000019e5c000 JavaThread "Service Thread" daemon [_thread_blocked, id=11896, stack(0x000000001a6d0000,0x000000001a7d0000)]
  0x0000000019de1800 JavaThread "C1 CompilerThread2" daemon [_thread_blocked, id=8852, stack(0x000000001a5d0000,0x000000001a6d0000)]
  0x00000000189bd000 JavaThread "C2 CompilerThread1" daemon [_thread_in_native, id=7100, stack(0x000000001a4d0000,0x000000001a5d0000)]
=>0x0000000018972000 JavaThread "C2 CompilerThread0" daemon [_thread_in_native, id=14316, stack(0x000000001a3d0000,0x000000001a4d0000)]
  0x0000000018971000 JavaThread "Attach Listener" daemon [_thread_blocked, id=6744, stack(0x000000001a2d0000,0x000000001a3d0000)]
  0x0000000019dd8800 JavaThread "Signal Dispatcher" daemon [_thread_blocked, id=7124, stack(0x000000001a1d0000,0x000000001a2d0000)]
  0x0000000004fec000 JavaThread "Finalizer" daemon [_thread_blocked, id=7456, stack(0x0000000019bd0000,0x0000000019cd0000)]
  0x0000000004fe1800 JavaThread "Reference Handler" daemon [_thread_blocked, id=13720, stack(0x0000000019ad0000,0x0000000019bd0000)]
  0x0000000004eee000 JavaThread "main" [_thread_blocked, id=7916, stack(0x0000000004d10000,0x0000000004e10000)]

Other Threads:
  0x0000000018925800 VMThread [stack: 0x00000000199d0000,0x0000000019ad0000] [id=8928]
  0x0000000019e5d000 WatcherThread [stack: 0x000000001a7d0000,0x000000001a8d0000] [id=11468]

VM state:not at safepoint (normal execution)

VM Mutex/Monitor currently owned by a thread: None

Heap:
 PSYoungGen      total 273408K, used 137073K [0x00000000e0000000, 0x00000000f1d00000, 0x0000000100000000)
  eden space 257024K, 53% used [0x00000000e0000000,0x00000000e85dc4c0,0x00000000efb00000)
  from space 16384K, 0% used [0x00000000f0d00000,0x00000000f0d00000,0x00000000f1d00000)
  to   space 17408K, 0% used [0x00000000efb00000,0x00000000efb00000,0x00000000f0c00000)
 ParOldGen       total 92672K, used 37252K [0x00000000a0000000, 0x00000000a5a80000, 0x00000000e0000000)
  object space 92672K, 40% used [0x00000000a0000000,0x00000000a2461060,0x00000000a5a80000)
 Metaspace       used 60958K, capacity 62734K, committed 63064K, reserved 1103872K
  class space    used 8052K, capacity 8496K, committed 8576K, reserved 1048576K

Card table byte_map: [0x00000000143b0000,0x00000000146c0000] byte_map_base: 0x0000000013eb0000

Marking Bits: (ParMarkBitMap*) 0x00000000731a4970
 Begin Bits: [0x0000000014cc0000, 0x00000000164c0000)
 End Bits:   [0x00000000164c0000, 0x0000000017cc0000)

Polling page: 0x0000000002d60000

CodeCache: size=245760Kb used=23599Kb max_used=23620Kb free=222160Kb
 bounds [0x0000000004ff0000, 0x0000000006720000, 0x0000000013ff0000]
 total_blobs=8305 nmethods=7518 adapters=700
 compilation: enabled

Compilation events (10 events):
Event: 1874.010 Thread 0x0000000019de1800 8682       3       org.gradle.api.internal.artifacts.ivyservice.resolveengine.artifact.ResolvedArtifactsGraphVisitor::visitNode (11 bytes)
Event: 1874.010 Thread 0x0000000019de1800 nmethod 8682 0x000000000670fbd0 code [0x000000000670fd40, 0x000000000670ff68]
Event: 1874.010 Thread 0x0000000019de1800 8683       3       org.gradle.api.internal.artifacts.ivyservice.resolveengine.artifact.DefaultResolvedArtifactsBuilder::visitNode (1 bytes)
Event: 1874.010 Thread 0x0000000019de1800 nmethod 8683 0x0000000006710050 code [0x00000000067101a0, 0x00000000067102f0]
Event: 1874.010 Thread 0x0000000019de1800 8679       3       org.gradle.internal.component.local.model.DefaultProjectComponentIdentifier::equals (63 bytes)
Event: 1874.011 Thread 0x0000000019de1800 nmethod 8679 0x0000000006710390 code [0x0000000006710540, 0x0000000006710db8]
Event: 1874.015 Thread 0x00000000189bd000 nmethod 8661% 0x00000000067174d0 code [0x0000000006717740, 0x000000000671afa8]
Event: 1874.015 Thread 0x00000000189bd000 8672   !   4       java.nio.file.FileTreeWalker::next (144 bytes)
Event: 1874.018 Thread 0x0000000019de1800 8685       3       java.util.EnumSet::of (16 bytes)
Event: 1874.018 Thread 0x0000000019de1800 nmethod 8685 0x0000000006716cd0 code [0x0000000006716e60, 0x0000000006717328]

GC Heap History (10 events):
Event: 14.265 GC heap before
{Heap before GC invocations=11 (full 2):
 PSYoungGen      total 119296K, used 5508K [0x00000000e0000000, 0x00000000ebd80000, 0x0000000100000000)
  eden space 107520K, 0% used [0x00000000e0000000,0x00000000e0000000,0x00000000e6900000)
  from space 11776K, 46% used [0x00000000e6900000,0x00000000e6e61088,0x00000000e7480000)
  to   space 11776K, 0% used [0x00000000eb200000,0x00000000eb200000,0x00000000ebd80000)
 ParOldGen       total 51200K, used 10808K [0x00000000a0000000, 0x00000000a3200000, 0x00000000e0000000)
  object space 51200K, 21% used [0x00000000a0000000,0x00000000a0a8e058,0x00000000a3200000)
 Metaspace       used 34783K, capacity 35298K, committed 35416K, reserved 1079296K
  class space    used 4767K, capacity 4955K, committed 4992K, reserved 1048576K
Event: 14.327 GC heap after
Heap after GC invocations=11 (full 2):
 PSYoungGen      total 119296K, used 0K [0x00000000e0000000, 0x00000000ebd80000, 0x0000000100000000)
  eden space 107520K, 0% used [0x00000000e0000000,0x00000000e0000000,0x00000000e6900000)
  from space 11776K, 0% used [0x00000000e6900000,0x00000000e6900000,0x00000000e7480000)
  to   space 11776K, 0% used [0x00000000eb200000,0x00000000eb200000,0x00000000ebd80000)
 ParOldGen       total 58368K, used 13964K [0x00000000a0000000, 0x00000000a3900000, 0x00000000e0000000)
  object space 58368K, 23% used [0x00000000a0000000,0x00000000a0da3018,0x00000000a3900000)
 Metaspace       used 34783K, capacity 35298K, committed 35416K, reserved 1079296K
  class space    used 4767K, capacity 4955K, committed 4992K, reserved 1048576K
}
Event: 15.528 GC heap before
{Heap before GC invocations=12 (full 2):
 PSYoungGen      total 119296K, used 107520K [0x00000000e0000000, 0x00000000ebd80000, 0x0000000100000000)
  eden space 107520K, 100% used [0x00000000e0000000,0x00000000e6900000,0x00000000e6900000)
  from space 11776K, 0% used [0x00000000e6900000,0x00000000e6900000,0x00000000e7480000)
  to   space 11776K, 0% used [0x00000000eb200000,0x00000000eb200000,0x00000000ebd80000)
 ParOldGen       total 58368K, used 13964K [0x00000000a0000000, 0x00000000a3900000, 0x00000000e0000000)
  object space 58368K, 23% used [0x00000000a0000000,0x00000000a0da3018,0x00000000a3900000)
 Metaspace       used 41032K, capacity 41840K, committed 41944K, reserved 1085440K
  class space    used 5606K, capacity 5857K, committed 5888K, reserved 1048576K
Event: 15.540 GC heap after
Heap after GC invocations=12 (full 2):
 PSYoungGen      total 178688K, used 11775K [0x00000000e0000000, 0x00000000ebd80000, 0x0000000100000000)
  eden space 166912K, 0% used [0x00000000e0000000,0x00000000e0000000,0x00000000ea300000)
  from space 11776K, 99% used [0x00000000eb200000,0x00000000ebd7fe90,0x00000000ebd80000)
  to   space 12800K, 0% used [0x00000000ea480000,0x00000000ea480000,0x00000000eb100000)
 ParOldGen       total 58368K, used 13972K [0x00000000a0000000, 0x00000000a3900000, 0x00000000e0000000)
  object space 58368K, 23% used [0x00000000a0000000,0x00000000a0da5018,0x00000000a3900000)
 Metaspace       used 41032K, capacity 41840K, committed 41944K, reserved 1085440K
  class space    used 5606K, capacity 5857K, committed 5888K, reserved 1048576K
}
Event: 17.400 GC heap before
{Heap before GC invocations=13 (full 2):
 PSYoungGen      total 178688K, used 178687K [0x00000000e0000000, 0x00000000ebd80000, 0x0000000100000000)
  eden space 166912K, 100% used [0x00000000e0000000,0x00000000ea300000,0x00000000ea300000)
  from space 11776K, 99% used [0x00000000eb200000,0x00000000ebd7fe90,0x00000000ebd80000)
  to   space 12800K, 0% used [0x00000000ea480000,0x00000000ea480000,0x00000000eb100000)
 ParOldGen       total 58368K, used 13972K [0x00000000a0000000, 0x00000000a3900000, 0x00000000e0000000)
  object space 58368K, 23% used [0x00000000a0000000,0x00000000a0da5018,0x00000000a3900000)
 Metaspace       used 52402K, capacity 53922K, committed 54104K, reserved 1095680K
  class space    used 7159K, capacity 7518K, committed 7552K, reserved 1048576K
Event: 17.423 GC heap after
Heap after GC invocations=13 (full 2):
 PSYoungGen      total 181248K, used 12796K [0x00000000e0000000, 0x00000000f1e80000, 0x0000000100000000)
  eden space 168448K, 0% used [0x00000000e0000000,0x00000000e0000000,0x00000000ea480000)
  from space 12800K, 99% used [0x00000000ea480000,0x00000000eb0ff110,0x00000000eb100000)
  to   space 17920K, 0% used [0x00000000f0d00000,0x00000000f0d00000,0x00000000f1e80000)
 ParOldGen       total 58368K, used 23712K [0x00000000a0000000, 0x00000000a3900000, 0x00000000e0000000)
  object space 58368K, 40% used [0x00000000a0000000,0x00000000a1728090,0x00000000a3900000)
 Metaspace       used 52402K, capacity 53922K, committed 54104K, reserved 1095680K
  class space    used 7159K, capacity 7518K, committed 7552K, reserved 1048576K
}
Event: 19.896 GC heap before
{Heap before GC invocations=14 (full 2):
 PSYoungGen      total 181248K, used 78713K [0x00000000e0000000, 0x00000000f1e80000, 0x0000000100000000)
  eden space 168448K, 39% used [0x00000000e0000000,0x00000000e405f368,0x00000000ea480000)
  from space 12800K, 99% used [0x00000000ea480000,0x00000000eb0ff110,0x00000000eb100000)
  to   space 17920K, 0% used [0x00000000f0d00000,0x00000000f0d00000,0x00000000f1e80000)
 ParOldGen       total 58368K, used 23712K [0x00000000a0000000, 0x00000000a3900000, 0x00000000e0000000)
  object space 58368K, 40% used [0x00000000a0000000,0x00000000a1728090,0x00000000a3900000)
 Metaspace       used 57458K, capacity 58930K, committed 59028K, reserved 1099776K
  class space    used 7821K, capacity 8180K, committed 8192K, reserved 1048576K
Event: 19.910 GC heap after
Heap after GC invocations=14 (full 2):
 PSYoungGen      total 273408K, used 9362K [0x00000000e0000000, 0x00000000f1d00000, 0x0000000100000000)
  eden space 257024K, 0% used [0x00000000e0000000,0x00000000e0000000,0x00000000efb00000)
  from space 16384K, 57% used [0x00000000f0d00000,0x00000000f1624ad0,0x00000000f1d00000)
  to   space 17408K, 0% used [0x00000000efb00000,0x00000000efb00000,0x00000000f0c00000)
 ParOldGen       total 58368K, used 30878K [0x00000000a0000000, 0x00000000a3900000, 0x00000000e0000000)
  object space 58368K, 52% used [0x00000000a0000000,0x00000000a1e27970,0x00000000a3900000)
 Metaspace       used 57458K, capacity 58930K, committed 59028K, reserved 1099776K
  class space    used 7821K, capacity 8180K, committed 8192K, reserved 1048576K
}
Event: 19.910 GC heap before
{Heap before GC invocations=15 (full 3):
 PSYoungGen      total 273408K, used 9362K [0x00000000e0000000, 0x00000000f1d00000, 0x0000000100000000)
  eden space 257024K, 0% used [0x00000000e0000000,0x00000000e0000000,0x00000000efb00000)
  from space 16384K, 57% used [0x00000000f0d00000,0x00000000f1624ad0,0x00000000f1d00000)
  to   space 17408K, 0% used [0x00000000efb00000,0x00000000efb00000,0x00000000f0c00000)
 ParOldGen       total 58368K, used 30878K [0x00000000a0000000, 0x00000000a3900000, 0x00000000e0000000)
  object space 58368K, 52% used [0x00000000a0000000,0x00000000a1e27970,0x00000000a3900000)
 Metaspace       used 57458K, capacity 58930K, committed 59028K, reserved 1099776K
  class space    used 7821K, capacity 8180K, committed 8192K, reserved 1048576K
Event: 20.160 GC heap after
Heap after GC invocations=15 (full 3):
 PSYoungGen      total 273408K, used 0K [0x00000000e0000000, 0x00000000f1d00000, 0x0000000100000000)
  eden space 257024K, 0% used [0x00000000e0000000,0x00000000e0000000,0x00000000efb00000)
  from space 16384K, 0% used [0x00000000f0d00000,0x00000000f0d00000,0x00000000f1d00000)
  to   space 17408K, 0% used [0x00000000efb00000,0x00000000efb00000,0x00000000f0c00000)
 ParOldGen       total 92672K, used 37252K [0x00000000a0000000, 0x00000000a5a80000, 0x00000000e0000000)
  object space 92672K, 40% used [0x00000000a0000000,0x00000000a2461060,0x00000000a5a80000)
 Metaspace       used 57458K, capacity 58930K, committed 59028K, reserved 1099776K
  class space    used 7821K, capacity 8180K, committed 8192K, reserved 1048576K
}

Deoptimization events (10 events):
Event: 20.565 Thread 0x000000001b925800 Uncommon trap: reason=unstable_if action=reinterpret pc=0x00000000051a8e50 method=java.util.concurrent.locks.AbstractQueuedSynchronizer.acquire(I)V @ 20
Event: 20.569 Thread 0x000000001b0ce000 Uncommon trap: reason=unstable_if action=reinterpret pc=0x0000000006285528 method=com.esotericsoftware.kryo.io.Input.require(I)I @ 117
Event: 54.047 Thread 0x000000001b59c000 Uncommon trap: reason=bimorphic action=maybe_recompile pc=0x0000000006239f98 method=java.util.HashMap.removeNode(ILjava/lang/Object;Ljava/lang/Object;ZZ)Ljava/util/HashMap$Node; @ 283
Event: 54.047 Thread 0x000000001b59c000 Uncommon trap: reason=bimorphic action=maybe_recompile pc=0x0000000006239f98 method=java.util.HashMap.removeNode(ILjava/lang/Object;Ljava/lang/Object;ZZ)Ljava/util/HashMap$Node; @ 283
Event: 55.010 Thread 0x0000000019ddd800 Uncommon trap: reason=unstable_if action=reinterpret pc=0x0000000005c2eccc method=java.lang.StringCoding$StringDecoder.decode([BII)[C @ 20
Event: 55.076 Thread 0x000000001bcba800 Uncommon trap: reason=unstable_if action=reinterpret pc=0x0000000006160178 method=com.esotericsoftware.kryo.io.Output.writeBytes([BII)V @ 61
Event: 55.197 Thread 0x000000001bcac800 Uncommon trap: reason=unstable_if action=reinterpret pc=0x00000000062839c8 method=com.esotericsoftware.kryo.io.Input.require(I)I @ 117
Event: 88.664 Thread 0x000000001b8c2800 Uncommon trap: reason=bimorphic action=maybe_recompile pc=0x0000000006239f98 method=java.util.HashMap.removeNode(ILjava/lang/Object;Ljava/lang/Object;ZZ)Ljava/util/HashMap$Node; @ 283
Event: 88.664 Thread 0x000000001b8c2800 Uncommon trap: reason=bimorphic action=maybe_recompile pc=0x0000000006239f98 method=java.util.HashMap.removeNode(ILjava/lang/Object;Ljava/lang/Object;ZZ)Ljava/util/HashMap$Node; @ 283
Event: 98.666 Thread 0x000000001b8c2800 Uncommon trap: reason=bimorphic action=maybe_recompile pc=0x000000000623d568 method=java.util.HashMap.removeNode(ILjava/lang/Object;Ljava/lang/Object;ZZ)Ljava/util/HashMap$Node; @ 283

Classes redefined (0 events):
No events

Internal exceptions (10 events):
Event: 1873.821 Thread 0x0000000019de0000 Exception <a 'sun/nio/fs/WindowsException'> (0x00000000e7329398) thrown at [D:\src\AOSP-openjdk-cygwin\jdk8u\hotspot\src\share\vm\prims\jni.cpp, line 709]
Event: 1873.821 Thread 0x0000000019de0000 Exception <a 'sun/nio/fs/WindowsException'> (0x00000000e732a090) thrown at [D:\src\AOSP-openjdk-cygwin\jdk8u\hotspot\src\share\vm\prims\jni.cpp, line 709]
Event: 1873.821 Thread 0x0000000019de0000 Exception <a 'sun/nio/fs/WindowsException'> (0x00000000e732cf88) thrown at [D:\src\AOSP-openjdk-cygwin\jdk8u\hotspot\src\share\vm\prims\jni.cpp, line 709]
Event: 1873.821 Thread 0x0000000019de0000 Exception <a 'sun/nio/fs/WindowsException'> (0x00000000e732dcb8) thrown at [D:\src\AOSP-openjdk-cygwin\jdk8u\hotspot\src\share\vm\prims\jni.cpp, line 709]
Event: 1873.822 Thread 0x0000000019de0000 Exception <a 'sun/nio/fs/WindowsException'> (0x00000000e732fde8) thrown at [D:\src\AOSP-openjdk-cygwin\jdk8u\hotspot\src\share\vm\prims\jni.cpp, line 709]
Event: 1873.822 Thread 0x0000000019de0000 Exception <a 'sun/nio/fs/WindowsException'> (0x00000000e7330b58) thrown at [D:\src\AOSP-openjdk-cygwin\jdk8u\hotspot\src\share\vm\prims\jni.cpp, line 709]
Event: 1873.822 Thread 0x0000000019de0000 Exception <a 'sun/nio/fs/WindowsException'> (0x00000000e7334190) thrown at [D:\src\AOSP-openjdk-cygwin\jdk8u\hotspot\src\share\vm\prims\jni.cpp, line 709]
Event: 1873.822 Thread 0x0000000019de0000 Exception <a 'sun/nio/fs/WindowsException'> (0x00000000e7334f28) thrown at [D:\src\AOSP-openjdk-cygwin\jdk8u\hotspot\src\share\vm\prims\jni.cpp, line 709]
Event: 1873.822 Thread 0x0000000019de0000 Exception <a 'sun/nio/fs/WindowsException'> (0x00000000e73370d0) thrown at [D:\src\AOSP-openjdk-cygwin\jdk8u\hotspot\src\share\vm\prims\jni.cpp, line 709]
Event: 1873.822 Thread 0x0000000019de0000 Exception <a 'sun/nio/fs/WindowsException'> (0x00000000e7337ea0) thrown at [D:\src\AOSP-openjdk-cygwin\jdk8u\hotspot\src\share\vm\prims\jni.cpp, line 709]

Events (10 events):
Event: 1873.843 Executing VM operation: RevokeBias
Event: 1873.843 Executing VM operation: RevokeBias done
Event: 1873.903 Thread 0x000000001bcba000 Thread added: 0x000000001bcba000
Event: 1873.908 Executing VM operation: RevokeBias
Event: 1873.909 Executing VM operation: RevokeBias done
Event: 1873.911 Thread 0x000000001bcb7800 Thread added: 0x000000001bcb7800
Event: 1873.913 Thread 0x000000001bcb9000 Thread added: 0x000000001bcb9000
Event: 1873.915 Thread 0x000000001bcba800 Thread added: 0x000000001bcba800
Event: 1873.916 Thread 0x00000000209a4000 Thread added: 0x00000000209a4000
Event: 1873.916 Thread 0x00000000209a8800 Thread added: 0x00000000209a8800


Dynamic libraries:
0x00007ff7c1ee0000 - 0x00007ff7c1f11000 	C:\Program Files\Android\Android Studio\jre\bin\java.exe
0x00007ffb38a30000 - 0x00007ffb38c10000 	C:\WINDOWS\SYSTEM32\ntdll.dll
0x00007ffb36a70000 - 0x00007ffb36b1e000 	C:\WINDOWS\System32\KERNEL32.DLL
0x00007ffb35170000 - 0x00007ffb353d6000 	C:\WINDOWS\System32\KERNELBASE.dll
0x00007ffb35f60000 - 0x00007ffb36001000 	C:\WINDOWS\System32\ADVAPI32.dll
0x00007ffb36ce0000 - 0x00007ffb36d7d000 	C:\WINDOWS\System32\msvcrt.dll
0x00007ffb36860000 - 0x00007ffb368bb000 	C:\WINDOWS\System32\sechost.dll
0x00007ffb36d80000 - 0x00007ffb36e9f000 	C:\WINDOWS\System32\RPCRT4.dll
0x00007ffb38870000 - 0x00007ffb389ff000 	C:\WINDOWS\System32\USER32.dll
0x00007ffb350d0000 - 0x00007ffb350f0000 	C:\WINDOWS\System32\win32u.dll
0x00007ffb36830000 - 0x00007ffb36858000 	C:\WINDOWS\System32\GDI32.dll
0x00007ffb34e30000 - 0x00007ffb34fc3000 	C:\WINDOWS\System32\gdi32full.dll
0x00007ffb35c90000 - 0x00007ffb35d2b000 	C:\WINDOWS\System32\msvcp_win.dll
0x00007ffb34fd0000 - 0x00007ffb350c6000 	C:\WINDOWS\System32\ucrtbase.dll
0x00007ffb2c6b0000 - 0x00007ffb2c919000 	C:\WINDOWS\WinSxS\amd64_microsoft.windows.common-controls_6595b64144ccf1df_6.0.16299.431_none_15c7d3ee93659e73\COMCTL32.dll
0x00007ffb38520000 - 0x00007ffb38828000 	C:\WINDOWS\System32\combase.dll
0x00007ffb350f0000 - 0x00007ffb35162000 	C:\WINDOWS\System32\bcryptPrimitives.dll
0x00007ffb38840000 - 0x00007ffb3886d000 	C:\WINDOWS\System32\IMM32.DLL
0x00000000720e0000 - 0x00000000721b2000 	C:\Program Files\Android\Android Studio\jre\jre\bin\msvcr100.dll
0x00000000729e0000 - 0x000000007321f000 	C:\Program Files\Android\Android Studio\jre\jre\bin\server\jvm.dll
0x00007ffb38350000 - 0x00007ffb38358000 	C:\WINDOWS\System32\PSAPI.DLL
0x00007ffb2e640000 - 0x00007ffb2e663000 	C:\WINDOWS\SYSTEM32\WINMM.dll
0x00007ffb2e630000 - 0x00007ffb2e63a000 	C:\WINDOWS\SYSTEM32\VERSION.dll
0x00007ffb2ccb0000 - 0x00007ffb2ccb9000 	C:\WINDOWS\SYSTEM32\WSOCK32.dll
0x00007ffb382e0000 - 0x00007ffb3834c000 	C:\WINDOWS\System32\WS2_32.dll
0x00007ffb2e600000 - 0x00007ffb2e62a000 	C:\WINDOWS\SYSTEM32\WINMMBASE.dll
0x00007ffb35c40000 - 0x00007ffb35c8a000 	C:\WINDOWS\System32\cfgmgr32.dll
0x00007ffb2de20000 - 0x00007ffb2de2f000 	C:\Program Files\Android\Android Studio\jre\jre\bin\verify.dll
0x00007ffb1e7b0000 - 0x00007ffb1e7d9000 	C:\Program Files\Android\Android Studio\jre\jre\bin\java.dll
0x00007ffb254d0000 - 0x00007ffb254e6000 	C:\Program Files\Android\Android Studio\jre\jre\bin\zip.dll
0x00007ffb36ea0000 - 0x00007ffb382d8000 	C:\WINDOWS\System32\SHELL32.dll
0x00007ffb365d0000 - 0x00007ffb36676000 	C:\WINDOWS\System32\shcore.dll
0x00007ffb35490000 - 0x00007ffb35bd7000 	C:\WINDOWS\System32\windows.storage.dll
0x00007ffb36b20000 - 0x00007ffb36b71000 	C:\WINDOWS\System32\shlwapi.dll
0x00007ffb34dd0000 - 0x00007ffb34de1000 	C:\WINDOWS\System32\kernel.appcore.dll
0x00007ffb34d80000 - 0x00007ffb34dcc000 	C:\WINDOWS\System32\powrprof.dll
0x00007ffb34df0000 - 0x00007ffb34e0b000 	C:\WINDOWS\System32\profapi.dll
0x00007ffb23dd0000 - 0x00007ffb23dea000 	C:\Program Files\Android\Android Studio\jre\jre\bin\net.dll
0x00007ffb34610000 - 0x00007ffb34676000 	C:\WINDOWS\system32\mswsock.dll
0x00007ffb1e8e0000 - 0x00007ffb1e8f1000 	C:\Program Files\Android\Android Studio\jre\jre\bin\nio.dll
0x00007ffb1dd60000 - 0x00007ffb1dd7e000 	C:\Users\zhanghaitao1\.gradle\native\25\windows-amd64\native-platform.dll
0x00007ffb27270000 - 0x00007ffb2727d000 	C:\Program Files\Android\Android Studio\jre\jre\bin\management.dll
0x00007ffb347d0000 - 0x00007ffb347e7000 	C:\WINDOWS\SYSTEM32\CRYPTSP.dll
0x00007ffb34210000 - 0x00007ffb34243000 	C:\WINDOWS\system32\rsaenh.dll
0x00007ffb348e0000 - 0x00007ffb34905000 	C:\WINDOWS\SYSTEM32\bcrypt.dll
0x00007ffb34cb0000 - 0x00007ffb34cd9000 	C:\WINDOWS\SYSTEM32\USERENV.dll
0x00007ffb347f0000 - 0x00007ffb347fb000 	C:\WINDOWS\SYSTEM32\CRYPTBASE.dll
0x00007ffb343a0000 - 0x00007ffb343d9000 	C:\WINDOWS\SYSTEM32\IPHLPAPI.DLL
0x00007ffb38830000 - 0x00007ffb38838000 	C:\WINDOWS\System32\NSI.dll
0x00007ffb32f80000 - 0x00007ffb32f96000 	C:\WINDOWS\SYSTEM32\dhcpcsvc6.DLL
0x00007ffb32f50000 - 0x00007ffb32f6a000 	C:\WINDOWS\SYSTEM32\dhcpcsvc.DLL

VM Arguments:
jvm_args: -Xmx1536m -Dfile.encoding=GBK -Duser.country=CN -Duser.language=zh -Duser.variant 
java_command: org.gradle.launcher.daemon.bootstrap.GradleDaemon 4.4
java_class_path (initial): C:\Users\zhanghaitao1\.gradle\wrapper\dists\gradle-4.4-all\9br9xq1tocpiv8o6njlyu5op1\gradle-4.4\lib\gradle-launcher-4.4.jar
Launcher Type: SUN_STANDARD

Environment Variables:
PATH=C:\Program Files (x86)\Intel\iCLS Client\;C:\Program Files\Intel\iCLS Client\;C:\windows\system32;C:\windows;C:\windows\System32\Wbem;C:\windows\System32\WindowsPowerShell\v1.0\;C:\Program Files (x86)\Intel\Intel(R) Management Engine Components\DAL;C:\Program Files\Intel\Intel(R) Management Engine Components\DAL;C:\Program Files (x86)\Intel\Intel(R) Management Engine Components\IPT;C:\Program Files\Intel\Intel(R) Management Engine Components\IPT;C:\Program Files (x86)\NVIDIA Corporation\PhysX\Common;C:\Program Files\Intel\WiFi\bin\;C:\Program Files\Common Files\Intel\WirelessCommon\;C:\WINDOWS\system32;C:\WINDOWS;C:\WINDOWS\System32\Wbem;C:\WINDOWS\System32\WindowsPowerShell\v1.0\;F:\AndroidSDK\platform-tools;C:\Program Files\Intel\WiFi\bin\;C:\Program Files\Common Files\Intel\WirelessCommon\;C:\Users\zhanghaitao1\AppData\Local\Microsoft\WindowsApps;C:\Users\zhanghaitao1\AppData\Local\GitHubDesktop\bin
USERNAME=zhanghaitao1
OS=Windows_NT
PROCESSOR_IDENTIFIER=Intel64 Family 6 Model 94 Stepping 3, GenuineIntel



---------------  S Y S T E M  ---------------

OS: Windows 10.0 , 64 bit Build 16299 (10.0.16299.431)

CPU:total 4 (initial active 4) (4 cores per cpu, 1 threads per core) family 6 model 94 stepping 3, cmov, cx8, fxsr, mmx, sse, sse2, sse3, ssse3, sse4.1, sse4.2, popcnt, avx, avx2, aes, clmul, erms, rtm, 3dnowpref, lzcnt, tsc, tscinvbit, bmi1, bmi2, adx

Memory: 4k page, physical 8236008k(2548076k free), swap 30093256k(3156k free)

vm_info: OpenJDK 64-Bit Server VM (25.152-b02) for windows-amd64 JRE (1.8.0_152-release-1024-b02), built by "builder" with MS VC++ 10.0 (VS2010)

time: Thu May 31 15:43:01 2018
elapsed time: 1874 seconds (0d 0h 31m 14s)

